2025-10-20 16:07:06 +02:00:  ⚠ "next start" does not work with "output: standalone" configuration. Use "node .next/standalone/server.js" instead.
2025-10-20 16:07:06 +02:00:  ⚠ "next start" does not work with "output: standalone" configuration. Use "node .next/standalone/server.js" instead.
2025-10-20 16:07:06 +02:00:  ⚠ "next start" does not work with "output: standalone" configuration. Use "node .next/standalone/server.js" instead.
2025-10-20 16:07:06 +02:00:  ⚠ "next start" does not work with "output: standalone" configuration. Use "node .next/standalone/server.js" instead.
2025-10-20 16:36:12 +02:00:  ⚠ "next start" does not work with "output: standalone" configuration. Use "node .next/standalone/server.js" instead.
2025-10-20 16:36:12 +02:00:  ⚠ "next start" does not work with "output: standalone" configuration. Use "node .next/standalone/server.js" instead.
2025-10-20 16:36:12 +02:00:  ⚠ "next start" does not work with "output: standalone" configuration. Use "node .next/standalone/server.js" instead.
2025-10-20 16:36:12 +02:00:  ⚠ "next start" does not work with "output: standalone" configuration. Use "node .next/standalone/server.js" instead.
2025-10-21 09:10:49 +02:00:  ⚠ "next start" does not work with "output: standalone" configuration. Use "node .next/standalone/server.js" instead.
2025-10-21 09:10:49 +02:00:  ⚠ "next start" does not work with "output: standalone" configuration. Use "node .next/standalone/server.js" instead.
2025-10-21 09:10:49 +02:00:  ⚠ "next start" does not work with "output: standalone" configuration. Use "node .next/standalone/server.js" instead.
2025-10-21 09:10:49 +02:00:  ⚠ "next start" does not work with "output: standalone" configuration. Use "node .next/standalone/server.js" instead.
2025-10-21 09:14:44 +02:00:  ⚠ "next start" does not work with "output: standalone" configuration. Use "node .next/standalone/server.js" instead.
2025-10-21 09:14:44 +02:00:  ⚠ "next start" does not work with "output: standalone" configuration. Use "node .next/standalone/server.js" instead.
2025-10-21 09:14:44 +02:00:  ⚠ "next start" does not work with "output: standalone" configuration. Use "node .next/standalone/server.js" instead.
2025-10-21 09:14:44 +02:00:  ⚠ "next start" does not work with "output: standalone" configuration. Use "node .next/standalone/server.js" instead.
2025-10-21 09:20:33 +02:00:  ⚠ "next start" does not work with "output: standalone" configuration. Use "node .next/standalone/server.js" instead.
2025-10-21 09:20:33 +02:00:  ⚠ "next start" does not work with "output: standalone" configuration. Use "node .next/standalone/server.js" instead.
2025-10-21 09:20:33 +02:00:  ⚠ "next start" does not work with "output: standalone" configuration. Use "node .next/standalone/server.js" instead.
2025-10-21 09:20:33 +02:00:  ⚠ "next start" does not work with "output: standalone" configuration. Use "node .next/standalone/server.js" instead.
2025-10-21 09:23:23 +02:00:  ⚠ "next start" does not work with "output: standalone" configuration. Use "node .next/standalone/server.js" instead.
2025-10-21 09:23:23 +02:00:  ⚠ "next start" does not work with "output: standalone" configuration. Use "node .next/standalone/server.js" instead.
2025-10-21 09:23:23 +02:00:  ⚠ "next start" does not work with "output: standalone" configuration. Use "node .next/standalone/server.js" instead.
2025-10-21 09:23:23 +02:00:  ⚠ "next start" does not work with "output: standalone" configuration. Use "node .next/standalone/server.js" instead.
2025-10-21 09:25:27 +02:00:  ⚠ "next start" does not work with "output: standalone" configuration. Use "node .next/standalone/server.js" instead.
2025-10-21 09:25:27 +02:00:  ⚠ "next start" does not work with "output: standalone" configuration. Use "node .next/standalone/server.js" instead.
2025-10-21 09:25:27 +02:00:  ⚠ "next start" does not work with "output: standalone" configuration. Use "node .next/standalone/server.js" instead.
2025-10-21 09:25:27 +02:00:  ⚠ "next start" does not work with "output: standalone" configuration. Use "node .next/standalone/server.js" instead.
2025-10-21 09:28:40 +02:00:  ⚠ "next start" does not work with "output: standalone" configuration. Use "node .next/standalone/server.js" instead.
2025-10-21 09:28:40 +02:00:  ⚠ "next start" does not work with "output: standalone" configuration. Use "node .next/standalone/server.js" instead.
2025-10-21 09:28:40 +02:00:  ⚠ "next start" does not work with "output: standalone" configuration. Use "node .next/standalone/server.js" instead.
2025-10-21 09:28:40 +02:00:  ⚠ "next start" does not work with "output: standalone" configuration. Use "node .next/standalone/server.js" instead.
2025-10-21 09:31:48 +02:00:  ⚠ "next start" does not work with "output: standalone" configuration. Use "node .next/standalone/server.js" instead.
2025-10-21 09:31:48 +02:00:  ⚠ "next start" does not work with "output: standalone" configuration. Use "node .next/standalone/server.js" instead.
2025-10-21 09:31:49 +02:00:  ⚠ "next start" does not work with "output: standalone" configuration. Use "node .next/standalone/server.js" instead.
2025-10-21 09:31:49 +02:00:  ⚠ "next start" does not work with "output: standalone" configuration. Use "node .next/standalone/server.js" instead.
2025-10-21 09:37:19 +02:00:  ⚠ "next start" does not work with "output: standalone" configuration. Use "node .next/standalone/server.js" instead.
2025-10-21 09:37:19 +02:00:  ⚠ "next start" does not work with "output: standalone" configuration. Use "node .next/standalone/server.js" instead.
2025-10-21 09:37:19 +02:00:  ⚠ "next start" does not work with "output: standalone" configuration. Use "node .next/standalone/server.js" instead.
2025-10-21 09:37:19 +02:00:  ⚠ "next start" does not work with "output: standalone" configuration. Use "node .next/standalone/server.js" instead.
2025-10-21 12:56:33 +02:00:  ⚠ "next start" does not work with "output: standalone" configuration. Use "node .next/standalone/server.js" instead.
2025-10-21 12:56:33 +02:00:  ⚠ "next start" does not work with "output: standalone" configuration. Use "node .next/standalone/server.js" instead.
2025-10-21 12:56:33 +02:00:  ⚠ "next start" does not work with "output: standalone" configuration. Use "node .next/standalone/server.js" instead.
2025-10-21 12:56:34 +02:00:  ⚠ "next start" does not work with "output: standalone" configuration. Use "node .next/standalone/server.js" instead.
2025-10-21 13:02:57 +02:00:  ⚠ "next start" does not work with "output: standalone" configuration. Use "node .next/standalone/server.js" instead.
2025-10-21 13:02:57 +02:00:  ⚠ "next start" does not work with "output: standalone" configuration. Use "node .next/standalone/server.js" instead.
2025-10-21 13:02:57 +02:00:  ⚠ "next start" does not work with "output: standalone" configuration. Use "node .next/standalone/server.js" instead.
2025-10-21 13:02:57 +02:00:  ⚠ "next start" does not work with "output: standalone" configuration. Use "node .next/standalone/server.js" instead.
2025-10-21 13:05:58 +02:00:  ⚠ "next start" does not work with "output: standalone" configuration. Use "node .next/standalone/server.js" instead.
2025-10-21 13:05:58 +02:00:  ⚠ "next start" does not work with "output: standalone" configuration. Use "node .next/standalone/server.js" instead.
2025-10-21 13:05:58 +02:00:  ⚠ "next start" does not work with "output: standalone" configuration. Use "node .next/standalone/server.js" instead.
2025-10-21 13:05:58 +02:00:  ⚠ "next start" does not work with "output: standalone" configuration. Use "node .next/standalone/server.js" instead.
2025-10-21 13:11:36 +02:00:  ⚠ "next start" does not work with "output: standalone" configuration. Use "node .next/standalone/server.js" instead.
2025-10-21 13:11:36 +02:00:  ⚠ "next start" does not work with "output: standalone" configuration. Use "node .next/standalone/server.js" instead.
2025-10-21 13:11:36 +02:00:  ⚠ "next start" does not work with "output: standalone" configuration. Use "node .next/standalone/server.js" instead.
2025-10-21 13:11:36 +02:00:  ⚠ "next start" does not work with "output: standalone" configuration. Use "node .next/standalone/server.js" instead.
2025-10-21 13:15:06 +02:00:  ⚠ "next start" does not work with "output: standalone" configuration. Use "node .next/standalone/server.js" instead.
2025-10-21 13:15:06 +02:00:  ⚠ "next start" does not work with "output: standalone" configuration. Use "node .next/standalone/server.js" instead.
2025-10-21 13:15:07 +02:00:  ⚠ "next start" does not work with "output: standalone" configuration. Use "node .next/standalone/server.js" instead.
2025-10-21 13:15:07 +02:00:  ⚠ "next start" does not work with "output: standalone" configuration. Use "node .next/standalone/server.js" instead.
2025-10-21 13:19:47 +02:00:  ⚠ "next start" does not work with "output: standalone" configuration. Use "node .next/standalone/server.js" instead.
2025-10-21 13:19:47 +02:00:  ⚠ "next start" does not work with "output: standalone" configuration. Use "node .next/standalone/server.js" instead.
2025-10-21 13:19:48 +02:00:  ⚠ "next start" does not work with "output: standalone" configuration. Use "node .next/standalone/server.js" instead.
2025-10-21 13:19:48 +02:00:  ⚠ "next start" does not work with "output: standalone" configuration. Use "node .next/standalone/server.js" instead.
2025-10-21 13:21:56 +02:00:  ⚠ "next start" does not work with "output: standalone" configuration. Use "node .next/standalone/server.js" instead.
2025-10-21 13:21:56 +02:00:  ⚠ "next start" does not work with "output: standalone" configuration. Use "node .next/standalone/server.js" instead.
2025-10-21 13:21:57 +02:00:  ⚠ "next start" does not work with "output: standalone" configuration. Use "node .next/standalone/server.js" instead.
2025-10-21 13:21:57 +02:00:  ⚠ "next start" does not work with "output: standalone" configuration. Use "node .next/standalone/server.js" instead.
2025-10-21 13:24:04 +02:00:  ⚠ "next start" does not work with "output: standalone" configuration. Use "node .next/standalone/server.js" instead.
2025-10-21 13:24:04 +02:00:  ⚠ "next start" does not work with "output: standalone" configuration. Use "node .next/standalone/server.js" instead.
2025-10-21 13:24:04 +02:00:  ⚠ "next start" does not work with "output: standalone" configuration. Use "node .next/standalone/server.js" instead.
2025-10-21 13:24:04 +02:00:  ⚠ "next start" does not work with "output: standalone" configuration. Use "node .next/standalone/server.js" instead.
2025-10-21 13:33:09 +02:00:  ⚠ "next start" does not work with "output: standalone" configuration. Use "node .next/standalone/server.js" instead.
2025-10-21 13:33:09 +02:00:  ⚠ "next start" does not work with "output: standalone" configuration. Use "node .next/standalone/server.js" instead.
2025-10-21 13:33:09 +02:00:  ⚠ "next start" does not work with "output: standalone" configuration. Use "node .next/standalone/server.js" instead.
2025-10-21 13:33:09 +02:00:  ⚠ "next start" does not work with "output: standalone" configuration. Use "node .next/standalone/server.js" instead.
2025-10-21 14:40:19 +02:00:  ⚠ "next start" does not work with "output: standalone" configuration. Use "node .next/standalone/server.js" instead.
2025-10-21 14:40:19 +02:00:  ⚠ "next start" does not work with "output: standalone" configuration. Use "node .next/standalone/server.js" instead.
2025-10-21 14:40:19 +02:00:  ⚠ "next start" does not work with "output: standalone" configuration. Use "node .next/standalone/server.js" instead.
2025-10-21 14:40:19 +02:00:  ⚠ "next start" does not work with "output: standalone" configuration. Use "node .next/standalone/server.js" instead.
2025-10-21 14:44:12 +02:00:  ⚠ "next start" does not work with "output: standalone" configuration. Use "node .next/standalone/server.js" instead.
2025-10-21 14:44:12 +02:00:  ⚠ "next start" does not work with "output: standalone" configuration. Use "node .next/standalone/server.js" instead.
2025-10-21 14:44:12 +02:00:  ⚠ "next start" does not work with "output: standalone" configuration. Use "node .next/standalone/server.js" instead.
2025-10-21 14:44:12 +02:00:  ⚠ "next start" does not work with "output: standalone" configuration. Use "node .next/standalone/server.js" instead.
2025-10-21 14:51:36 +02:00:  ⚠ "next start" does not work with "output: standalone" configuration. Use "node .next/standalone/server.js" instead.
2025-10-21 14:51:36 +02:00:  ⚠ "next start" does not work with "output: standalone" configuration. Use "node .next/standalone/server.js" instead.
2025-10-21 14:51:37 +02:00:  ⚠ "next start" does not work with "output: standalone" configuration. Use "node .next/standalone/server.js" instead.
2025-10-21 14:51:37 +02:00:  ⚠ "next start" does not work with "output: standalone" configuration. Use "node .next/standalone/server.js" instead.
2025-10-22 09:01:01 +02:00:  ⚠ "next start" does not work with "output: standalone" configuration. Use "node .next/standalone/server.js" instead.
2025-10-22 09:01:01 +02:00:  ⚠ "next start" does not work with "output: standalone" configuration. Use "node .next/standalone/server.js" instead.
2025-10-22 09:01:01 +02:00:  ⚠ "next start" does not work with "output: standalone" configuration. Use "node .next/standalone/server.js" instead.
2025-10-22 09:01:02 +02:00:  ⚠ "next start" does not work with "output: standalone" configuration. Use "node .next/standalone/server.js" instead.
2025-10-22 09:30:17 +02:00:  ⚠ "next start" does not work with "output: standalone" configuration. Use "node .next/standalone/server.js" instead.
2025-10-22 09:30:17 +02:00:  ⚠ "next start" does not work with "output: standalone" configuration. Use "node .next/standalone/server.js" instead.
2025-10-22 09:30:17 +02:00:  ⚠ "next start" does not work with "output: standalone" configuration. Use "node .next/standalone/server.js" instead.
2025-10-22 09:30:17 +02:00:  ⚠ "next start" does not work with "output: standalone" configuration. Use "node .next/standalone/server.js" instead.
2025-10-22 09:36:51 +02:00:  ⚠ "next start" does not work with "output: standalone" configuration. Use "node .next/standalone/server.js" instead.
2025-10-22 09:36:51 +02:00:  ⚠ "next start" does not work with "output: standalone" configuration. Use "node .next/standalone/server.js" instead.
2025-10-22 09:36:51 +02:00:  ⚠ "next start" does not work with "output: standalone" configuration. Use "node .next/standalone/server.js" instead.
2025-10-22 09:36:51 +02:00:  ⚠ "next start" does not work with "output: standalone" configuration. Use "node .next/standalone/server.js" instead.
2025-10-22 09:39:51 +02:00:  ⚠ "next start" does not work with "output: standalone" configuration. Use "node .next/standalone/server.js" instead.
2025-10-22 09:39:51 +02:00:  ⚠ "next start" does not work with "output: standalone" configuration. Use "node .next/standalone/server.js" instead.
2025-10-22 09:39:51 +02:00:  ⚠ "next start" does not work with "output: standalone" configuration. Use "node .next/standalone/server.js" instead.
2025-10-22 09:39:51 +02:00:  ⚠ "next start" does not work with "output: standalone" configuration. Use "node .next/standalone/server.js" instead.
2025-10-22 09:46:19 +02:00:  ⨯ Error: ENOENT: no such file or directory, open '/gfstorage/www/siti/concorso/Concorso-Fotografico/.next/required-server-files.json'
    at async (.next/server/pages/_error.js:1:6810) {
  errno: -2,
  code: 'ENOENT',
  syscall: 'open',
  path: '/gfstorage/www/siti/concorso/Concorso-Fotografico/.next/required-server-files.json'
}
2025-10-22 09:46:19 +02:00:  ⨯ Error: ENOENT: no such file or directory, open '/gfstorage/www/siti/concorso/Concorso-Fotografico/.next/required-server-files.json'
    at async (.next/server/pages/_error.js:1:6810) {
  errno: -2,
  code: 'ENOENT',
  syscall: 'open',
  path: '/gfstorage/www/siti/concorso/Concorso-Fotografico/.next/required-server-files.json'
}
2025-10-22 09:46:19 +02:00:  ⨯ Error: ENOENT: no such file or directory, open '/gfstorage/www/siti/concorso/Concorso-Fotografico/.next/required-server-files.json'
    at async (.next/server/pages/_error.js:1:6810) {
  errno: -2,
  code: 'ENOENT',
  syscall: 'open',
  path: '/gfstorage/www/siti/concorso/Concorso-Fotografico/.next/required-server-files.json'
}
2025-10-22 09:46:19 +02:00:  ⨯ Error: ENOENT: no such file or directory, open '/gfstorage/www/siti/concorso/Concorso-Fotografico/.next/required-server-files.json'
    at async (.next/server/pages/_error.js:1:6810) {
  errno: -2,
  code: 'ENOENT',
  syscall: 'open',
  path: '/gfstorage/www/siti/concorso/Concorso-Fotografico/.next/required-server-files.json'
}
2025-10-22 09:46:19 +02:00:  ⨯ Error: ENOENT: no such file or directory, open '/gfstorage/www/siti/concorso/Concorso-Fotografico/.next/required-server-files.json'
    at async (.next/server/pages/_error.js:1:6810) {
  errno: -2,
  code: 'ENOENT',
  syscall: 'open',
  path: '/gfstorage/www/siti/concorso/Concorso-Fotografico/.next/required-server-files.json'
}
2025-10-22 09:46:19 +02:00:  ⨯ Error: ENOENT: no such file or directory, open '/gfstorage/www/siti/concorso/Concorso-Fotografico/.next/required-server-files.json'
    at async (.next/server/pages/_error.js:1:6810) {
  errno: -2,
  code: 'ENOENT',
  syscall: 'open',
  path: '/gfstorage/www/siti/concorso/Concorso-Fotografico/.next/required-server-files.json'
}
2025-10-22 09:47:06 +02:00:  ⚠ "next start" does not work with "output: standalone" configuration. Use "node .next/standalone/server.js" instead.
2025-10-22 09:47:07 +02:00:  ⚠ "next start" does not work with "output: standalone" configuration. Use "node .next/standalone/server.js" instead.
2025-10-22 09:47:07 +02:00:  ⚠ "next start" does not work with "output: standalone" configuration. Use "node .next/standalone/server.js" instead.
2025-10-22 09:47:07 +02:00:  ⚠ "next start" does not work with "output: standalone" configuration. Use "node .next/standalone/server.js" instead.
2025-10-22 09:52:31 +02:00:  ⚠ "next start" does not work with "output: standalone" configuration. Use "node .next/standalone/server.js" instead.
2025-10-22 09:52:31 +02:00:  ⚠ "next start" does not work with "output: standalone" configuration. Use "node .next/standalone/server.js" instead.
2025-10-22 09:52:31 +02:00:  ⚠ "next start" does not work with "output: standalone" configuration. Use "node .next/standalone/server.js" instead.
2025-10-22 09:52:31 +02:00:  ⚠ "next start" does not work with "output: standalone" configuration. Use "node .next/standalone/server.js" instead.
2025-10-22 10:09:50 +02:00:  ⚠ "next start" does not work with "output: standalone" configuration. Use "node .next/standalone/server.js" instead.
2025-10-22 10:09:51 +02:00:  ⚠ "next start" does not work with "output: standalone" configuration. Use "node .next/standalone/server.js" instead.
2025-10-22 10:09:51 +02:00:  ⚠ "next start" does not work with "output: standalone" configuration. Use "node .next/standalone/server.js" instead.
2025-10-22 10:09:51 +02:00:  ⚠ "next start" does not work with "output: standalone" configuration. Use "node .next/standalone/server.js" instead.
2025-10-22 10:31:10 +02:00:  ⚠ "next start" does not work with "output: standalone" configuration. Use "node .next/standalone/server.js" instead.
2025-10-22 10:31:10 +02:00:  ⚠ "next start" does not work with "output: standalone" configuration. Use "node .next/standalone/server.js" instead.
2025-10-22 10:31:10 +02:00:  ⚠ "next start" does not work with "output: standalone" configuration. Use "node .next/standalone/server.js" instead.
2025-10-22 10:31:11 +02:00:  ⚠ "next start" does not work with "output: standalone" configuration. Use "node .next/standalone/server.js" instead.
2025-10-22 10:51:40 +02:00:  ⚠ "next start" does not work with "output: standalone" configuration. Use "node .next/standalone/server.js" instead.
2025-10-22 10:51:41 +02:00:  ⚠ "next start" does not work with "output: standalone" configuration. Use "node .next/standalone/server.js" instead.
2025-10-22 10:51:41 +02:00:  ⚠ "next start" does not work with "output: standalone" configuration. Use "node .next/standalone/server.js" instead.
2025-10-22 10:51:41 +02:00:  ⚠ "next start" does not work with "output: standalone" configuration. Use "node .next/standalone/server.js" instead.
2025-10-22 11:13:25 +02:00:  ⚠ "next start" does not work with "output: standalone" configuration. Use "node .next/standalone/server.js" instead.
2025-10-22 11:13:25 +02:00:  ⚠ "next start" does not work with "output: standalone" configuration. Use "node .next/standalone/server.js" instead.
2025-10-22 11:13:26 +02:00:  ⚠ "next start" does not work with "output: standalone" configuration. Use "node .next/standalone/server.js" instead.
2025-10-22 11:13:26 +02:00:  ⚠ "next start" does not work with "output: standalone" configuration. Use "node .next/standalone/server.js" instead.
2025-10-22 11:21:16 +02:00:  ⚠ "next start" does not work with "output: standalone" configuration. Use "node .next/standalone/server.js" instead.
2025-10-22 11:21:16 +02:00:  ⚠ "next start" does not work with "output: standalone" configuration. Use "node .next/standalone/server.js" instead.
2025-10-22 11:21:16 +02:00:  ⚠ "next start" does not work with "output: standalone" configuration. Use "node .next/standalone/server.js" instead.
2025-10-22 11:21:16 +02:00:  ⚠ "next start" does not work with "output: standalone" configuration. Use "node .next/standalone/server.js" instead.
2025-10-22 11:38:58 +02:00:  ⚠ "next start" does not work with "output: standalone" configuration. Use "node .next/standalone/server.js" instead.
2025-10-22 11:38:59 +02:00:  ⚠ "next start" does not work with "output: standalone" configuration. Use "node .next/standalone/server.js" instead.
2025-10-22 11:38:59 +02:00:  ⚠ "next start" does not work with "output: standalone" configuration. Use "node .next/standalone/server.js" instead.
2025-10-22 11:38:59 +02:00:  ⚠ "next start" does not work with "output: standalone" configuration. Use "node .next/standalone/server.js" instead.
