2025-10-20 16:07:05 +02:00:   ▲ Next.js 14.2.33
2025-10-20 16:07:05 +02:00:   ▲ Next.js 14.2.33
2025-10-20 16:07:05 +02:00:   ▲ Next.js 14.2.33
2025-10-20 16:07:05 +02:00:   ▲ Next.js 14.2.33
2025-10-20 16:07:05 +02:00:   - Local:        http://localhost:3000
2025-10-20 16:07:05 +02:00: 
2025-10-20 16:07:05 +02:00:  ✓ Starting...
2025-10-20 16:07:05 +02:00:   - Local:        http://localhost:3000
2025-10-20 16:07:05 +02:00: 
2025-10-20 16:07:05 +02:00:  ✓ Starting...
2025-10-20 16:07:05 +02:00:   - Local:        http://localhost:3000
2025-10-20 16:07:05 +02:00: 
2025-10-20 16:07:05 +02:00:  ✓ Starting...
2025-10-20 16:07:05 +02:00:   - Local:        http://localhost:3000
2025-10-20 16:07:05 +02:00: 
2025-10-20 16:07:05 +02:00:  ✓ Starting...
2025-10-20 16:07:06 +02:00:  ✓ Ready in 802ms
2025-10-20 16:07:06 +02:00:  ✓ Ready in 563ms
2025-10-20 16:07:06 +02:00:  ✓ Ready in 614ms
2025-10-20 16:07:06 +02:00:  ✓ Ready in 831ms
